<?xml version="1.0" encoding="utf-8"?><testsuites name="pytest tests"><testsuite name="pytest" errors="0" failures="0" skipped="2" tests="58" time="77.663" timestamp="2026-06-15T09:28:01.787762+00:00" hostname="agent-env-b77b79b4-2fe7-4160-b006-2d72fe48a173"><testcase classname="tests.backend_test.TestHealth" name="test_root" time="0.146" /><testcase classname="tests.backend_test.TestHealth" name="test_health" time="0.092" /><testcase classname="tests.backend_test.TestHealth" name="test_features" time="0.090" /><testcase classname="tests.backend_test.TestIntegrationPlaceholders" name="test_whatsapp_notify_not_configured" time="0.097" /><testcase classname="tests.backend_test.TestIntegrationPlaceholders" name="test_twilio_connect_call_not_configured" time="0.092" /><testcase classname="tests.backend_test.TestAuth" name="test_register_new_user_and_me" time="0.361" /><testcase classname="tests.backend_test.TestAuth" name="test_register_duplicate_rejected" time="0.087" /><testcase classname="tests.backend_test.TestAuth" name="test_admin_login_success" time="0.394" /><testcase classname="tests.backend_test.TestAuth" name="test_login_invalid_password" time="0.313" /><testcase classname="tests.backend_test.TestAuth" name="test_me_unauthenticated" time="0.093" /><testcase classname="tests.backend_test.TestAuth" name="test_google_session_invalid" time="0.190" /><testcase classname="tests.backend_test.TestAuth" name="test_google_session_missing_param" time="0.094" /><testcase classname="tests.backend_test.TestAuth" name="test_logout_clears_cookies" time="0.406" /><testcase classname="tests.backend_test.TestTagCRUD" name="test_list_admin_tags_has_three_seeded" time="0.038" /><testcase classname="tests.backend_test.TestTagCRUD" name="test_create_update_get_delete_tag" time="0.322" /><testcase classname="tests.backend_test.TestTagCRUD" name="test_qr_png" time="0.098" /><testcase classname="tests.backend_test.TestPDFs" name="test_pdf_layouts[a4_stickers]" time="0.194" /><testcase classname="tests.backend_test.TestPDFs" name="test_pdf_layouts[id_card]" time="0.115" /><testcase classname="tests.backend_test.TestPDFs" name="test_pdf_layouts[keyring]" time="0.239" /><testcase classname="tests.backend_test.TestPublicFinder" name="test_finder_vehicle" time="0.137" /><testcase classname="tests.backend_test.TestPublicFinder" name="test_finder_medical_emergency_payload" time="0.138" /><testcase classname="tests.backend_test.TestPublicFinder" name="test_finder_404" time="0.092" /><testcase classname="tests.backend_test.TestPublicFinder" name="test_finder_records_scan_and_message_and_inbox" time="0.466" /><testcase classname="tests.backend_test.TestPublicFinder" name="test_honeypot_blocks_silently" time="0.415" /><testcase classname="tests.backend_test.TestPublicFinder" name="test_claim_unclaimed_tag" time="0.560" /><testcase classname="tests.backend_test.TestDataIsolation" name="test_second_user_cannot_see_admin_tags" time="0.040" /><testcase classname="tests.backend_test.TestDataIsolation" name="test_second_user_cannot_get_admin_tag" time="0.122" /><testcase classname="tests.backend_test.TestDataIsolation" name="test_second_user_cannot_patch_admin_tag" time="0.085" /><testcase classname="tests.backend_test.TestDataIsolation" name="test_second_user_cannot_delete_admin_tag" time="0.079" /><testcase classname="tests.backend_test.TestSettings" name="test_patch_me_updates_display_name" time="0.157" /><testcase classname="tests.backend_test.TestSettings" name="test_export" time="0.043" /><testcase classname="tests.backend_test.TestPWA" name="test_manifest" time="0.105" /><testcase classname="tests.backend_test.TestPWA" name="test_service_worker" time="0.088" /><testcase classname="tests.test_finder_ssr.TestSSRVehicle" name="test_vehicle_html_basic" time="0.536" /><testcase classname="tests.test_finder_ssr.TestSSRVehicle" name="test_vehicle_gzip_under_10kb" time="0.100" /><testcase classname="tests.test_finder_ssr.TestSSRVehicle" name="test_vehicle_hindi" time="0.095" /><testcase classname="tests.test_finder_ssr.TestSSRMedical" name="test_medical_emergency_view" time="0.140" /><testcase classname="tests.test_finder_ssr.TestSSRUnclaimed" name="test_unclaimed_renders_claim_button" time="0.280"><skipped type="pytest.skip" message="No unclaimed seed slug available; cannot create via public API">/app/backend/tests/test_finder_ssr.py:119: No unclaimed seed slug available; cannot create via public API</skipped></testcase><testcase classname="tests.test_finder_ssr.TestSSRNotFound" name="test_404_renders_not_found_html" time="0.093" /><testcase classname="tests.test_finder_ssr.TestSSRAction" name="test_post_action_success_and_inbox" time="31.502" /><testcase classname="tests.test_finder_ssr.TestSSRAction" name="test_honeypot_silently_drops" time="0.498" /><testcase classname="tests.test_finder_ssr.TestSSRScanDedupe" name="test_rapid_scans_dedupe_within_30s" time="32.763" /><testcase classname="tests.test_finder_ssr.TestQRPointsToFinder" name="test_qr_decodes_to_finder_url" time="0.009"><skipped type="pytest.skip" message="pyzbar/Pillow not installed">/app/backend/tests/test_finder_ssr.py:208: pyzbar/Pillow not installed</skipped></testcase><testcase classname="tests.test_iteration2_new_features.TestSanityOldFlows" name="test_health" time="0.090" /><testcase classname="tests.test_iteration2_new_features.TestSanityOldFlows" name="test_admin_login_and_three_tags" time="0.362" /><testcase classname="tests.test_iteration2_new_features.TestSanityOldFlows" name="test_public_finder_returns_200" time="0.097" /><testcase classname="tests.test_iteration2_new_features.TestSanityOldFlows" name="test_emergency_block_on_medical_tag" time="0.109" /><testcase classname="tests.test_iteration2_new_features.TestSanityOldFlows" name="test_inbox_works" time="0.043" /><testcase classname="tests.test_iteration2_new_features.TestScanDedupe" name="test_repeat_scans_within_30s_increment_by_one" time="1.644" /><testcase classname="tests.test_iteration2_new_features.TestRightToBeForgotten" name="test_delete_without_body_returns_400" time="0.434" /><testcase classname="tests.test_iteration2_new_features.TestRightToBeForgotten" name="test_delete_with_wrong_password_returns_400" time="0.653" /><testcase classname="tests.test_iteration2_new_features.TestRightToBeForgotten" name="test_delete_with_correct_password_succeeds" time="0.688" /><testcase classname="tests.test_iteration2_new_features.TestGoogleSessionAsync" name="test_invalid_session_returns_401" time="0.233" /><testcase classname="tests.test_iteration2_new_features.TestGoogleSessionAsync" name="test_google_session_does_not_block_event_loop" time="0.156" /><testcase classname="tests.test_iteration2_new_features.TestSponsor" name="test_stats_baseline" time="0.098" /><testcase classname="tests.test_iteration2_new_features.TestSponsor" name="test_submit_creates_doc" time="0.271" /><testcase classname="tests.test_iteration2_new_features.TestSponsor" name="test_honeypot_does_not_create_doc" time="0.273" /><testcase classname="tests.test_iteration2_new_features.TestSponsor" name="test_validation_missing_fields" time="0.399" /></testsuite></testsuites>